25-07-12.17:11:06.044 [main            ] INFO  Application            - Starting Application using Java 17.0.4.1 with PID 34652 (G:\Project\xiaofuge\s-pay-mall-mvc-songhan\s-pay-mall-web\target\classes started by 24031 in G:\Project\xiaofuge\s-pay-mall-mvc-songhan)
25-07-12.17:11:06.046 [main            ] INFO  Application            - The following 1 profile is active: "dev"
25-07-12.17:11:06.952 [main            ] INFO  TomcatWebServer        - Tomcat initialized with port 8080 (http)
25-07-12.17:11:06.971 [main            ] INFO  Http11NioProtocol      - Initializing ProtocolHandler ["http-nio-8080"]
25-07-12.17:11:06.973 [main            ] INFO  StandardService        - Starting service [Tomcat]
25-07-12.17:11:06.973 [main            ] INFO  StandardEngine         - Starting Servlet engine: [Apache Tomcat/10.1.42]
25-07-12.17:11:07.042 [main            ] INFO  [/]                    - Initializing Spring embedded WebApplicationContext
25-07-12.17:11:07.042 [main            ] INFO  ServletWebServerApplicationContext - Root WebApplicationContext: initialization completed in 944 ms
25-07-12.17:11:07.402 [main            ] WARN  AnnotationConfigServletWebServerApplicationContext - Exception encountered during context initialization - cancelling refresh attempt: org.springframework.beans.factory.BeanCreationException: Error creating bean with name 'dataSource' defined in class path resource [org/springframework/boot/autoconfigure/jdbc/DataSourceConfiguration$Hikari.class]: Failed to instantiate [com.zaxxer.hikari.HikariDataSource]: Factory method 'dataSource' threw exception with message: Failed to determine a suitable driver class
25-07-12.17:11:07.409 [main            ] INFO  StandardService        - Stopping service [Tomcat]
25-07-12.17:11:07.429 [main            ] INFO  ConditionEvaluationReportLogger - 

Error starting ApplicationContext. To display the condition evaluation report re-run your application with 'debug' enabled.
25-07-12.17:11:07.446 [main            ] ERROR LoggingFailureAnalysisReporter - 

***************************
APPLICATION FAILED TO START
***************************

Description:

Failed to configure a DataSource: 'url' attribute is not specified and no embedded datasource could be configured.

Reason: Failed to determine a suitable driver class


Action:

Consider the following:
	If you want an embedded database (H2, HSQL or Derby), please put it on the classpath.
	If you have database settings to be loaded from a particular profile you may need to activate it (the profiles dev are currently active).

25-07-12.17:20:41.521 [main            ] INFO  Application            - Starting Application using Java 17.0.4.1 with PID 22228 (G:\Project\xiaofuge\s-pay-mall-mvc-songhan\s-pay-mall-web\target\classes started by 24031 in G:\Project\xiaofuge\s-pay-mall-mvc-songhan)
25-07-12.17:20:41.522 [main            ] INFO  Application            - The following 1 profile is active: "dev"
25-07-12.17:20:42.225 [main            ] INFO  TomcatWebServer        - Tomcat initialized with port 8080 (http)
25-07-12.17:20:42.236 [main            ] INFO  Http11NioProtocol      - Initializing ProtocolHandler ["http-nio-8080"]
25-07-12.17:20:42.237 [main            ] INFO  StandardService        - Starting service [Tomcat]
25-07-12.17:20:42.237 [main            ] INFO  StandardEngine         - Starting Servlet engine: [Apache Tomcat/10.1.42]
25-07-12.17:20:42.285 [main            ] INFO  [/]                    - Initializing Spring embedded WebApplicationContext
25-07-12.17:20:42.285 [main            ] INFO  ServletWebServerApplicationContext - Root WebApplicationContext: initialization completed in 732 ms
25-07-12.17:20:42.616 [main            ] INFO  Http11NioProtocol      - Starting ProtocolHandler ["http-nio-8080"]
25-07-12.17:20:42.633 [main            ] INFO  TomcatWebServer        - Tomcat started on port 8080 (http) with context path '/'
25-07-12.17:20:42.639 [main            ] INFO  Application            - Started Application in 1.589 seconds (process running for 2.084)
25-07-12.17:21:11.716 [http-nio-8080-exec-1] INFO  [/]                    - Initializing Spring DispatcherServlet 'dispatcherServlet'
25-07-12.17:21:11.716 [http-nio-8080-exec-1] INFO  DispatcherServlet      - Initializing Servlet 'dispatcherServlet'
25-07-12.17:21:11.717 [http-nio-8080-exec-1] INFO  DispatcherServlet      - Completed initialization in 1 ms
25-07-12.17:25:03.375 [SpringApplicationShutdownHook] INFO  GracefulShutdown       - Commencing graceful shutdown. Waiting for active requests to complete
25-07-12.17:25:03.592 [tomcat-shutdown ] INFO  GracefulShutdown       - Graceful shutdown complete
25-07-12.17:26:11.646 [main            ] INFO  Application            - Starting Application using Java 17.0.4.1 with PID 41708 (G:\Project\xiaofuge\s-pay-mall-mvc-songhan\s-pay-mall-web\target\classes started by 24031 in G:\Project\xiaofuge\s-pay-mall-mvc-songhan)
25-07-12.17:26:11.648 [main            ] INFO  Application            - The following 1 profile is active: "dev"
25-07-12.17:26:12.362 [main            ] INFO  TomcatWebServer        - Tomcat initialized with port 8080 (http)
25-07-12.17:26:12.374 [main            ] INFO  Http11NioProtocol      - Initializing ProtocolHandler ["http-nio-8080"]
25-07-12.17:26:12.375 [main            ] INFO  StandardService        - Starting service [Tomcat]
25-07-12.17:26:12.375 [main            ] INFO  StandardEngine         - Starting Servlet engine: [Apache Tomcat/10.1.42]
25-07-12.17:26:12.428 [main            ] INFO  [/]                    - Initializing Spring embedded WebApplicationContext
25-07-12.17:26:12.428 [main            ] INFO  ServletWebServerApplicationContext - Root WebApplicationContext: initialization completed in 743 ms
25-07-12.17:26:12.758 [main            ] INFO  Http11NioProtocol      - Starting ProtocolHandler ["http-nio-8080"]
25-07-12.17:26:12.774 [main            ] INFO  TomcatWebServer        - Tomcat started on port 8080 (http) with context path '/'
25-07-12.17:26:12.781 [main            ] INFO  Application            - Started Application in 1.621 seconds (process running for 2.084)
25-07-12.17:28:01.713 [http-nio-8080-exec-1] INFO  [/]                    - Initializing Spring DispatcherServlet 'dispatcherServlet'
25-07-12.17:28:01.713 [http-nio-8080-exec-1] INFO  DispatcherServlet      - Initializing Servlet 'dispatcherServlet'
25-07-12.17:28:01.714 [http-nio-8080-exec-1] INFO  DispatcherServlet      - Completed initialization in 1 ms
25-07-12.17:29:10.383 [SpringApplicationShutdownHook] INFO  GracefulShutdown       - Commencing graceful shutdown. Waiting for active requests to complete
25-07-12.17:29:10.590 [tomcat-shutdown ] INFO  GracefulShutdown       - Graceful shutdown complete
25-07-12.17:29:15.042 [main            ] INFO  Application            - Starting Application using Java 17.0.4.1 with PID 30896 (G:\Project\xiaofuge\s-pay-mall-mvc-songhan\s-pay-mall-web\target\classes started by 24031 in G:\Project\xiaofuge\s-pay-mall-mvc-songhan)
25-07-12.17:29:15.043 [main            ] INFO  Application            - The following 1 profile is active: "dev"
25-07-12.17:29:15.994 [main            ] INFO  TomcatWebServer        - Tomcat initialized with port 8080 (http)
25-07-12.17:29:16.005 [main            ] INFO  Http11NioProtocol      - Initializing ProtocolHandler ["http-nio-8080"]
25-07-12.17:29:16.006 [main            ] INFO  StandardService        - Starting service [Tomcat]
25-07-12.17:29:16.006 [main            ] INFO  StandardEngine         - Starting Servlet engine: [Apache Tomcat/10.1.42]
25-07-12.17:29:16.056 [main            ] INFO  [/]                    - Initializing Spring embedded WebApplicationContext
25-07-12.17:29:16.056 [main            ] INFO  ServletWebServerApplicationContext - Root WebApplicationContext: initialization completed in 972 ms
25-07-12.17:29:16.597 [main            ] INFO  EndpointLinksResolver  - Exposing 1 endpoint beneath base path '/actuator'
25-07-12.17:29:16.637 [main            ] INFO  Http11NioProtocol      - Starting ProtocolHandler ["http-nio-8080"]
25-07-12.17:29:16.652 [main            ] INFO  TomcatWebServer        - Tomcat started on port 8080 (http) with context path '/'
25-07-12.17:29:16.667 [main            ] INFO  Application            - Started Application in 2.106 seconds (process running for 2.552)
25-07-12.17:29:16.805 [RMI TCP Connection(1)-192.168.88.9] INFO  [/]                    - Initializing Spring DispatcherServlet 'dispatcherServlet'
25-07-12.17:29:16.805 [RMI TCP Connection(1)-192.168.88.9] INFO  DispatcherServlet      - Initializing Servlet 'dispatcherServlet'
25-07-12.17:29:16.806 [RMI TCP Connection(1)-192.168.88.9] INFO  DispatcherServlet      - Completed initialization in 1 ms
25-07-12.17:29:16.809 [RMI TCP Connection(2)-192.168.88.9] INFO  HikariDataSource       - HikariPool-1 - Starting...
25-07-12.17:29:17.944 [RMI TCP Connection(2)-192.168.88.9] WARN  DataSourceHealthIndicator - DataSource health check failed
org.springframework.jdbc.CannotGetJdbcConnectionException: Failed to obtain JDBC Connection
	at org.springframework.jdbc.datasource.DataSourceUtils.getConnection(DataSourceUtils.java:84)
	at org.springframework.jdbc.core.JdbcTemplate.execute(JdbcTemplate.java:342)
	at org.springframework.boot.actuate.jdbc.DataSourceHealthIndicator.getProduct(DataSourceHealthIndicator.java:122)
	at org.springframework.boot.actuate.jdbc.DataSourceHealthIndicator.doDataSourceHealthCheck(DataSourceHealthIndicator.java:105)
	at org.springframework.boot.actuate.jdbc.DataSourceHealthIndicator.doHealthCheck(DataSourceHealthIndicator.java:100)
	at org.springframework.boot.actuate.health.AbstractHealthIndicator.health(AbstractHealthIndicator.java:82)
	at org.springframework.boot.actuate.health.HealthIndicator.getHealth(HealthIndicator.java:37)
	at org.springframework.boot.actuate.health.HealthEndpoint.getHealth(HealthEndpoint.java:82)
	at org.springframework.boot.actuate.health.HealthEndpoint.getHealth(HealthEndpoint.java:41)
	at org.springframework.boot.actuate.health.HealthEndpointSupport.getLoggedHealth(HealthEndpointSupport.java:172)
	at org.springframework.boot.actuate.health.HealthEndpointSupport.getContribution(HealthEndpointSupport.java:145)
	at org.springframework.boot.actuate.health.HealthEndpointSupport.getAggregateContribution(HealthEndpointSupport.java:156)
	at org.springframework.boot.actuate.health.HealthEndpointSupport.getContribution(HealthEndpointSupport.java:141)
	at org.springframework.boot.actuate.health.HealthEndpointSupport.getHealth(HealthEndpointSupport.java:110)
	at org.springframework.boot.actuate.health.HealthEndpointSupport.getHealth(HealthEndpointSupport.java:81)
	at org.springframework.boot.actuate.health.HealthEndpoint.health(HealthEndpoint.java:76)
	at org.springframework.boot.actuate.health.HealthEndpoint.health(HealthEndpoint.java:66)
	at java.base/jdk.internal.reflect.NativeMethodAccessorImpl.invoke0(Native Method)
	at java.base/jdk.internal.reflect.NativeMethodAccessorImpl.invoke(NativeMethodAccessorImpl.java:77)
	at java.base/jdk.internal.reflect.DelegatingMethodAccessorImpl.invoke(DelegatingMethodAccessorImpl.java:43)
	at java.base/java.lang.reflect.Method.invoke(Method.java:568)
	at org.springframework.util.ReflectionUtils.invokeMethod(ReflectionUtils.java:281)
	at org.springframework.boot.actuate.endpoint.invoke.reflect.ReflectiveOperationInvoker.invoke(ReflectiveOperationInvoker.java:74)
	at org.springframework.boot.actuate.endpoint.annotation.AbstractDiscoveredOperation.invoke(AbstractDiscoveredOperation.java:60)
	at org.springframework.boot.actuate.endpoint.jmx.EndpointMBean.invoke(EndpointMBean.java:124)
	at org.springframework.boot.actuate.endpoint.jmx.EndpointMBean.invoke(EndpointMBean.java:97)
	at java.management/com.sun.jmx.interceptor.DefaultMBeanServerInterceptor.invoke(DefaultMBeanServerInterceptor.java:814)
	at java.management/com.sun.jmx.mbeanserver.JmxMBeanServer.invoke(JmxMBeanServer.java:802)
	at java.management.rmi/javax.management.remote.rmi.RMIConnectionImpl.doOperation(RMIConnectionImpl.java:1472)
	at java.management.rmi/javax.management.remote.rmi.RMIConnectionImpl$PrivilegedOperation.run(RMIConnectionImpl.java:1310)
	at java.management.rmi/javax.management.remote.rmi.RMIConnectionImpl.doPrivilegedOperation(RMIConnectionImpl.java:1405)
	at java.management.rmi/javax.management.remote.rmi.RMIConnectionImpl.invoke(RMIConnectionImpl.java:829)
	at java.base/jdk.internal.reflect.GeneratedMethodAccessor16.invoke(Unknown Source)
	at java.base/jdk.internal.reflect.DelegatingMethodAccessorImpl.invoke(DelegatingMethodAccessorImpl.java:43)
	at java.base/java.lang.reflect.Method.invoke(Method.java:568)
	at java.rmi/sun.rmi.server.UnicastServerRef.dispatch(UnicastServerRef.java:360)
	at java.rmi/sun.rmi.transport.Transport$1.run(Transport.java:200)
	at java.rmi/sun.rmi.transport.Transport$1.run(Transport.java:197)
	at java.base/java.security.AccessController.doPrivileged(AccessController.java:712)
	at java.rmi/sun.rmi.transport.Transport.serviceCall(Transport.java:196)
	at java.rmi/sun.rmi.transport.tcp.TCPTransport.handleMessages(TCPTransport.java:587)
	at java.rmi/sun.rmi.transport.tcp.TCPTransport$ConnectionHandler.run0(TCPTransport.java:828)
	at java.rmi/sun.rmi.transport.tcp.TCPTransport$ConnectionHandler.lambda$run$0(TCPTransport.java:705)
	at java.base/java.security.AccessController.doPrivileged(AccessController.java:399)
	at java.rmi/sun.rmi.transport.tcp.TCPTransport$ConnectionHandler.run(TCPTransport.java:704)
	at java.base/java.util.concurrent.ThreadPoolExecutor.runWorker(ThreadPoolExecutor.java:1136)
	at java.base/java.util.concurrent.ThreadPoolExecutor$Worker.run(ThreadPoolExecutor.java:635)
	at java.base/java.lang.Thread.run(Thread.java:833)
Caused by: java.sql.SQLSyntaxErrorException: Unknown database 'your_database_name'
	at com.mysql.cj.jdbc.exceptions.SQLError.createSQLException(SQLError.java:120)
	at com.mysql.cj.jdbc.exceptions.SQLExceptionsMapping.translateException(SQLExceptionsMapping.java:122)
	at com.mysql.cj.jdbc.ConnectionImpl.createNewIO(ConnectionImpl.java:833)
	at com.mysql.cj.jdbc.ConnectionImpl.<init>(ConnectionImpl.java:453)
	at com.mysql.cj.jdbc.ConnectionImpl.getInstance(ConnectionImpl.java:246)
	at com.mysql.cj.jdbc.NonRegisteringDriver.connect(NonRegisteringDriver.java:198)
	at com.zaxxer.hikari.util.DriverDataSource.getConnection(DriverDataSource.java:137)
	at com.zaxxer.hikari.pool.PoolBase.newConnection(PoolBase.java:360)
	at com.zaxxer.hikari.pool.PoolBase.newPoolEntry(PoolBase.java:202)
	at com.zaxxer.hikari.pool.HikariPool.createPoolEntry(HikariPool.java:461)
	at com.zaxxer.hikari.pool.HikariPool.checkFailFast(HikariPool.java:550)
	at com.zaxxer.hikari.pool.HikariPool.<init>(HikariPool.java:98)
	at com.zaxxer.hikari.HikariDataSource.getConnection(HikariDataSource.java:111)
	at org.springframework.jdbc.datasource.DataSourceUtils.fetchConnection(DataSourceUtils.java:160)
	at org.springframework.jdbc.datasource.DataSourceUtils.doGetConnection(DataSourceUtils.java:118)
	at org.springframework.jdbc.datasource.DataSourceUtils.getConnection(DataSourceUtils.java:81)
	... 47 common frames omitted
25-07-12.17:35:54.648 [SpringApplicationShutdownHook] INFO  GracefulShutdown       - Commencing graceful shutdown. Waiting for active requests to complete
25-07-12.17:35:54.860 [tomcat-shutdown ] INFO  GracefulShutdown       - Graceful shutdown complete
25-07-12.17:35:56.885 [main            ] INFO  Application            - Starting Application using Java 17.0.4.1 with PID 14772 (G:\Project\xiaofuge\s-pay-mall-mvc-songhan\s-pay-mall-web\target\classes started by 24031 in G:\Project\xiaofuge\s-pay-mall-mvc-songhan)
25-07-12.17:35:56.886 [main            ] INFO  Application            - The following 1 profile is active: "dev"
25-07-12.17:35:57.832 [main            ] INFO  TomcatWebServer        - Tomcat initialized with port 8080 (http)
25-07-12.17:35:57.842 [main            ] INFO  Http11NioProtocol      - Initializing ProtocolHandler ["http-nio-8080"]
25-07-12.17:35:57.845 [main            ] INFO  StandardService        - Starting service [Tomcat]
25-07-12.17:35:57.845 [main            ] INFO  StandardEngine         - Starting Servlet engine: [Apache Tomcat/10.1.42]
25-07-12.17:35:57.897 [main            ] INFO  [/]                    - Initializing Spring embedded WebApplicationContext
25-07-12.17:35:57.897 [main            ] INFO  ServletWebServerApplicationContext - Root WebApplicationContext: initialization completed in 973 ms
25-07-12.17:35:58.402 [main            ] INFO  EndpointLinksResolver  - Exposing 1 endpoint beneath base path '/actuator'
25-07-12.17:35:58.437 [main            ] INFO  Http11NioProtocol      - Starting ProtocolHandler ["http-nio-8080"]
25-07-12.17:35:58.451 [main            ] INFO  TomcatWebServer        - Tomcat started on port 8080 (http) with context path '/'
25-07-12.17:35:58.462 [main            ] INFO  Application            - Started Application in 2.069 seconds (process running for 2.529)
25-07-12.17:35:58.795 [RMI TCP Connection(3)-192.168.88.9] INFO  HikariDataSource       - HikariPool-1 - Starting...
25-07-12.17:35:58.807 [RMI TCP Connection(4)-192.168.88.9] INFO  [/]                    - Initializing Spring DispatcherServlet 'dispatcherServlet'
25-07-12.17:35:58.808 [RMI TCP Connection(4)-192.168.88.9] INFO  DispatcherServlet      - Initializing Servlet 'dispatcherServlet'
25-07-12.17:35:58.808 [RMI TCP Connection(4)-192.168.88.9] INFO  DispatcherServlet      - Completed initialization in 0 ms
25-07-12.17:35:58.894 [RMI TCP Connection(3)-192.168.88.9] INFO  HikariPool             - HikariPool-1 - Added connection com.mysql.cj.jdbc.ConnectionImpl@2cc86c1e
25-07-12.17:35:58.896 [RMI TCP Connection(3)-192.168.88.9] INFO  HikariDataSource       - HikariPool-1 - Start completed.
25-07-12.17:36:17.942 [SpringApplicationShutdownHook] INFO  GracefulShutdown       - Commencing graceful shutdown. Waiting for active requests to complete
25-07-12.17:36:18.159 [tomcat-shutdown ] INFO  GracefulShutdown       - Graceful shutdown complete
25-07-12.17:36:18.162 [SpringApplicationShutdownHook] INFO  HikariDataSource       - HikariPool-1 - Shutdown initiated...
25-07-12.17:36:18.166 [SpringApplicationShutdownHook] INFO  HikariDataSource       - HikariPool-1 - Shutdown completed.
25-07-12.17:36:20.089 [main            ] INFO  Application            - Starting Application using Java 17.0.4.1 with PID 38460 (G:\Project\xiaofuge\s-pay-mall-mvc-songhan\s-pay-mall-web\target\classes started by 24031 in G:\Project\xiaofuge\s-pay-mall-mvc-songhan)
25-07-12.17:36:20.091 [main            ] INFO  Application            - The following 1 profile is active: "dev"
25-07-12.17:36:21.031 [main            ] INFO  TomcatWebServer        - Tomcat initialized with port 8080 (http)
25-07-12.17:36:21.044 [main            ] INFO  Http11NioProtocol      - Initializing ProtocolHandler ["http-nio-8080"]
25-07-12.17:36:21.046 [main            ] INFO  StandardService        - Starting service [Tomcat]
25-07-12.17:36:21.046 [main            ] INFO  StandardEngine         - Starting Servlet engine: [Apache Tomcat/10.1.42]
25-07-12.17:36:21.095 [main            ] INFO  [/]                    - Initializing Spring embedded WebApplicationContext
25-07-12.17:36:21.095 [main            ] INFO  ServletWebServerApplicationContext - Root WebApplicationContext: initialization completed in 968 ms
25-07-12.17:36:21.625 [main            ] INFO  EndpointLinksResolver  - Exposing 1 endpoint beneath base path '/actuator'
25-07-12.17:36:21.660 [main            ] INFO  Http11NioProtocol      - Starting ProtocolHandler ["http-nio-8080"]
25-07-12.17:36:21.679 [main            ] INFO  TomcatWebServer        - Tomcat started on port 8080 (http) with context path '/'
25-07-12.17:36:21.691 [main            ] INFO  Application            - Started Application in 2.107 seconds (process running for 2.604)
25-07-12.17:36:22.118 [RMI TCP Connection(1)-192.168.88.9] INFO  [/]                    - Initializing Spring DispatcherServlet 'dispatcherServlet'
25-07-12.17:36:22.118 [RMI TCP Connection(1)-192.168.88.9] INFO  DispatcherServlet      - Initializing Servlet 'dispatcherServlet'
25-07-12.17:36:22.119 [RMI TCP Connection(1)-192.168.88.9] INFO  DispatcherServlet      - Completed initialization in 1 ms
25-07-12.17:36:22.136 [RMI TCP Connection(3)-192.168.88.9] INFO  HikariDataSource       - HikariPool-1 - Starting...
25-07-12.17:36:22.232 [RMI TCP Connection(3)-192.168.88.9] INFO  HikariPool             - HikariPool-1 - Added connection com.mysql.cj.jdbc.ConnectionImpl@268a833c
25-07-12.17:36:22.235 [RMI TCP Connection(3)-192.168.88.9] INFO  HikariDataSource       - HikariPool-1 - Start completed.
25-07-12.17:52:38.770 [SpringApplicationShutdownHook] INFO  GracefulShutdown       - Commencing graceful shutdown. Waiting for active requests to complete
25-07-12.17:52:38.978 [tomcat-shutdown ] INFO  GracefulShutdown       - Graceful shutdown complete
25-07-12.17:52:38.978 [SpringApplicationShutdownHook] INFO  HikariDataSource       - HikariPool-1 - Shutdown initiated...
25-07-12.17:52:38.978 [SpringApplicationShutdownHook] INFO  HikariDataSource       - HikariPool-1 - Shutdown completed.
25-07-12.17:52:41.450 [main            ] INFO  Application            - Starting Application using Java 17.0.4.1 with PID 12784 (G:\Project\xiaofuge\s-pay-mall-mvc-songhan\s-pay-mall-web\target\classes started by 24031 in G:\Project\xiaofuge\s-pay-mall-mvc-songhan)
25-07-12.17:52:41.450 [main            ] INFO  Application            - The following 1 profile is active: "dev"
25-07-12.17:52:42.407 [main            ] INFO  TomcatWebServer        - Tomcat initialized with port 8080 (http)
25-07-12.17:52:42.419 [main            ] INFO  Http11NioProtocol      - Initializing ProtocolHandler ["http-nio-8080"]
25-07-12.17:52:42.420 [main            ] INFO  StandardService        - Starting service [Tomcat]
25-07-12.17:52:42.421 [main            ] INFO  StandardEngine         - Starting Servlet engine: [Apache Tomcat/10.1.42]
25-07-12.17:52:42.476 [main            ] INFO  ServletWebServerApplicationContext - Root WebApplicationContext: initialization completed in 990 ms
25-07-12.17:52:43.074 [main            ] INFO  EndpointLinksResolver  - Exposing 1 endpoint beneath base path '/actuator'
25-07-12.17:52:43.141 [main            ] INFO  TomcatWebServer        - Tomcat started on port 8080 (http) with context path '/'
25-07-12.17:52:43.154 [main            ] INFO  Application            - Started Application in 2.243 seconds (process running for 2.696)
25-07-12.17:52:43.157 [SpringApplicationShutdownHook] INFO  GracefulShutdown       - Commencing graceful shutdown. Waiting for active requests to complete
25-07-12.17:52:43.389 [tomcat-shutdown ] INFO  GracefulShutdown       - Graceful shutdown complete
25-07-12.17:56:21.234 [main            ] INFO  Application            - Starting Application using Java 17.0.4.1 with PID 21416 (G:\Project\xiaofuge\s-pay-mall-mvc-songhan\s-pay-mall-web\target\classes started by 24031 in G:\Project\xiaofuge\s-pay-mall-mvc-songhan)
25-07-12.17:56:21.236 [main            ] INFO  Application            - The following 1 profile is active: "dev"
25-07-12.17:56:22.207 [main            ] INFO  TomcatWebServer        - Tomcat initialized with port 8080 (http)
25-07-12.17:56:22.218 [main            ] INFO  Http11NioProtocol      - Initializing ProtocolHandler ["http-nio-8080"]
25-07-12.17:56:22.219 [main            ] INFO  StandardService        - Starting service [Tomcat]
25-07-12.17:56:22.219 [main            ] INFO  StandardEngine         - Starting Servlet engine: [Apache Tomcat/10.1.42]
25-07-12.17:56:22.269 [main            ] INFO  [/]                    - Initializing Spring embedded WebApplicationContext
25-07-12.17:56:22.269 [main            ] INFO  ServletWebServerApplicationContext - Root WebApplicationContext: initialization completed in 998 ms
25-07-12.17:56:22.872 [main            ] INFO  EndpointLinksResolver  - Exposing 1 endpoint beneath base path '/actuator'
25-07-12.17:56:22.913 [main            ] INFO  Http11NioProtocol      - Starting ProtocolHandler ["http-nio-8080"]
25-07-12.17:56:22.919 [main            ] WARN  AnnotationConfigServletWebServerApplicationContext - Exception encountered during context initialization - cancelling refresh attempt: org.springframework.context.ApplicationContextException: Failed to start bean 'webServerStartStop'
25-07-12.17:56:22.935 [main            ] INFO  ConditionEvaluationReportLogger - 

Error starting ApplicationContext. To display the condition evaluation report re-run your application with 'debug' enabled.
25-07-12.17:56:22.959 [main            ] ERROR LoggingFailureAnalysisReporter - 

***************************
APPLICATION FAILED TO START
***************************

Description:

Web server failed to start. Port 8080 was already in use.

Action:

Identify and stop the process that's listening on port 8080 or configure this application to listen on another port.

25-07-12.17:56:29.348 [main            ] INFO  Application            - Starting Application using Java 17.0.4.1 with PID 11804 (G:\Project\xiaofuge\s-pay-mall-mvc-songhan\s-pay-mall-web\target\classes started by 24031 in G:\Project\xiaofuge\s-pay-mall-mvc-songhan)
25-07-12.17:56:29.350 [main            ] INFO  Application            - The following 1 profile is active: "dev"
25-07-12.17:56:30.289 [main            ] INFO  TomcatWebServer        - Tomcat initialized with port 8080 (http)
25-07-12.17:56:30.300 [main            ] INFO  Http11NioProtocol      - Initializing ProtocolHandler ["http-nio-8080"]
25-07-12.17:56:30.301 [main            ] INFO  StandardService        - Starting service [Tomcat]
25-07-12.17:56:30.301 [main            ] INFO  StandardEngine         - Starting Servlet engine: [Apache Tomcat/10.1.42]
25-07-12.17:56:30.350 [main            ] INFO  [/]                    - Initializing Spring embedded WebApplicationContext
25-07-12.17:56:30.350 [main            ] INFO  ServletWebServerApplicationContext - Root WebApplicationContext: initialization completed in 966 ms
25-07-12.17:56:30.864 [main            ] INFO  EndpointLinksResolver  - Exposing 1 endpoint beneath base path '/actuator'
25-07-12.17:56:30.899 [main            ] INFO  Http11NioProtocol      - Starting ProtocolHandler ["http-nio-8080"]
25-07-12.17:56:30.903 [main            ] WARN  AnnotationConfigServletWebServerApplicationContext - Exception encountered during context initialization - cancelling refresh attempt: org.springframework.context.ApplicationContextException: Failed to start bean 'webServerStartStop'
25-07-12.17:56:30.918 [main            ] INFO  ConditionEvaluationReportLogger - 

Error starting ApplicationContext. To display the condition evaluation report re-run your application with 'debug' enabled.
25-07-12.17:56:30.930 [main            ] ERROR LoggingFailureAnalysisReporter - 

***************************
APPLICATION FAILED TO START
***************************

Description:

Web server failed to start. Port 8080 was already in use.

Action:

Identify and stop the process that's listening on port 8080 or configure this application to listen on another port.

25-07-12.17:56:48.523 [main            ] INFO  Application            - Starting Application using Java 17.0.4.1 with PID 19240 (G:\Project\xiaofuge\s-pay-mall-mvc-songhan\s-pay-mall-web\target\classes started by 24031 in G:\Project\xiaofuge\s-pay-mall-mvc-songhan)
25-07-12.17:56:48.524 [main            ] INFO  Application            - The following 1 profile is active: "dev"
25-07-12.17:56:49.458 [main            ] INFO  TomcatWebServer        - Tomcat initialized with port 8080 (http)
25-07-12.17:56:49.470 [main            ] INFO  Http11NioProtocol      - Initializing ProtocolHandler ["http-nio-8080"]
25-07-12.17:56:49.471 [main            ] INFO  StandardService        - Starting service [Tomcat]
25-07-12.17:56:49.471 [main            ] INFO  StandardEngine         - Starting Servlet engine: [Apache Tomcat/10.1.42]
25-07-12.17:56:49.524 [main            ] INFO  [/]                    - Initializing Spring embedded WebApplicationContext
25-07-12.17:56:49.524 [main            ] INFO  ServletWebServerApplicationContext - Root WebApplicationContext: initialization completed in 961 ms
25-07-12.17:56:50.074 [main            ] INFO  EndpointLinksResolver  - Exposing 1 endpoint beneath base path '/actuator'
25-07-12.17:56:50.108 [main            ] INFO  Http11NioProtocol      - Starting ProtocolHandler ["http-nio-8080"]
25-07-12.17:56:50.122 [main            ] INFO  TomcatWebServer        - Tomcat started on port 8080 (http) with context path '/'
25-07-12.17:56:50.137 [main            ] INFO  Application            - Started Application in 2.087 seconds (process running for 2.521)
25-07-12.17:56:50.329 [RMI TCP Connection(1)-192.168.88.9] INFO  [/]                    - Initializing Spring DispatcherServlet 'dispatcherServlet'
25-07-12.17:56:50.329 [RMI TCP Connection(1)-192.168.88.9] INFO  DispatcherServlet      - Initializing Servlet 'dispatcherServlet'
25-07-12.17:56:50.330 [RMI TCP Connection(1)-192.168.88.9] INFO  DispatcherServlet      - Completed initialization in 1 ms
25-07-12.17:56:50.350 [RMI TCP Connection(2)-192.168.88.9] INFO  HikariDataSource       - HikariPool-1 - Starting...
25-07-12.17:56:50.452 [RMI TCP Connection(2)-192.168.88.9] INFO  HikariPool             - HikariPool-1 - Added connection com.mysql.cj.jdbc.ConnectionImpl@1b70b3aa
25-07-12.17:56:50.455 [RMI TCP Connection(2)-192.168.88.9] INFO  HikariDataSource       - HikariPool-1 - Start completed.
25-07-12.17:56:55.117 [http-nio-8080-exec-1] INFO  WeixinPortalController - 微信公众号验签信息开始 [null, null, null, null]
25-07-12.17:56:55.121 [http-nio-8080-exec-1] ERROR WeixinPortalController - 微信公众号验签信息失败 [null, null, null, null]
java.lang.IllegalArgumentException: 请求参数非法，请核实!
	at com.zidong.controller.WeixinPortalController.validate(WeixinPortalController.java:50)
	at java.base/jdk.internal.reflect.NativeMethodAccessorImpl.invoke0(Native Method)
	at java.base/jdk.internal.reflect.NativeMethodAccessorImpl.invoke(NativeMethodAccessorImpl.java:77)
	at java.base/jdk.internal.reflect.DelegatingMethodAccessorImpl.invoke(DelegatingMethodAccessorImpl.java:43)
	at java.base/java.lang.reflect.Method.invoke(Method.java:568)
	at org.springframework.web.method.support.InvocableHandlerMethod.doInvoke(InvocableHandlerMethod.java:258)
	at org.springframework.web.method.support.InvocableHandlerMethod.invokeForRequest(InvocableHandlerMethod.java:191)
	at org.springframework.web.servlet.mvc.method.annotation.ServletInvocableHandlerMethod.invokeAndHandle(ServletInvocableHandlerMethod.java:118)
	at org.springframework.web.servlet.mvc.method.annotation.RequestMappingHandlerAdapter.invokeHandlerMethod(RequestMappingHandlerAdapter.java:986)
	at org.springframework.web.servlet.mvc.method.annotation.RequestMappingHandlerAdapter.handleInternal(RequestMappingHandlerAdapter.java:891)
	at org.springframework.web.servlet.mvc.method.AbstractHandlerMethodAdapter.handle(AbstractHandlerMethodAdapter.java:87)
	at org.springframework.web.servlet.DispatcherServlet.doDispatch(DispatcherServlet.java:1089)
	at org.springframework.web.servlet.DispatcherServlet.doService(DispatcherServlet.java:979)
	at org.springframework.web.servlet.FrameworkServlet.processRequest(FrameworkServlet.java:1014)
	at org.springframework.web.servlet.FrameworkServlet.doGet(FrameworkServlet.java:903)
	at jakarta.servlet.http.HttpServlet.service(HttpServlet.java:564)
	at org.springframework.web.servlet.FrameworkServlet.service(FrameworkServlet.java:885)
	at jakarta.servlet.http.HttpServlet.service(HttpServlet.java:658)
	at org.apache.catalina.core.ApplicationFilterChain.internalDoFilter(ApplicationFilterChain.java:195)
	at org.apache.catalina.core.ApplicationFilterChain.doFilter(ApplicationFilterChain.java:140)
	at org.apache.tomcat.websocket.server.WsFilter.doFilter(WsFilter.java:51)
	at org.apache.catalina.core.ApplicationFilterChain.internalDoFilter(ApplicationFilterChain.java:164)
	at org.apache.catalina.core.ApplicationFilterChain.doFilter(ApplicationFilterChain.java:140)
	at org.springframework.web.filter.RequestContextFilter.doFilterInternal(RequestContextFilter.java:100)
	at org.springframework.web.filter.OncePerRequestFilter.doFilter(OncePerRequestFilter.java:116)
	at org.apache.catalina.core.ApplicationFilterChain.internalDoFilter(ApplicationFilterChain.java:164)
	at org.apache.catalina.core.ApplicationFilterChain.doFilter(ApplicationFilterChain.java:140)
	at org.springframework.web.filter.FormContentFilter.doFilterInternal(FormContentFilter.java:93)
	at org.springframework.web.filter.OncePerRequestFilter.doFilter(OncePerRequestFilter.java:116)
	at org.apache.catalina.core.ApplicationFilterChain.internalDoFilter(ApplicationFilterChain.java:164)
	at org.apache.catalina.core.ApplicationFilterChain.doFilter(ApplicationFilterChain.java:140)
	at org.springframework.web.filter.ServerHttpObservationFilter.doFilterInternal(ServerHttpObservationFilter.java:114)
	at org.springframework.web.filter.OncePerRequestFilter.doFilter(OncePerRequestFilter.java:116)
	at org.apache.catalina.core.ApplicationFilterChain.internalDoFilter(ApplicationFilterChain.java:164)
	at org.apache.catalina.core.ApplicationFilterChain.doFilter(ApplicationFilterChain.java:140)
	at org.springframework.web.filter.CharacterEncodingFilter.doFilterInternal(CharacterEncodingFilter.java:201)
	at org.springframework.web.filter.OncePerRequestFilter.doFilter(OncePerRequestFilter.java:116)
	at org.apache.catalina.core.ApplicationFilterChain.internalDoFilter(ApplicationFilterChain.java:164)
	at org.apache.catalina.core.ApplicationFilterChain.doFilter(ApplicationFilterChain.java:140)
	at org.apache.catalina.core.StandardWrapperValve.invoke(StandardWrapperValve.java:167)
	at org.apache.catalina.core.StandardContextValve.invoke(StandardContextValve.java:90)
	at org.apache.catalina.authenticator.AuthenticatorBase.invoke(AuthenticatorBase.java:483)
	at org.apache.catalina.core.StandardHostValve.invoke(StandardHostValve.java:116)
	at org.apache.catalina.valves.ErrorReportValve.invoke(ErrorReportValve.java:93)
	at org.apache.catalina.core.StandardEngineValve.invoke(StandardEngineValve.java:74)
	at org.apache.catalina.connector.CoyoteAdapter.service(CoyoteAdapter.java:344)
	at org.apache.coyote.http11.Http11Processor.service(Http11Processor.java:398)
	at org.apache.coyote.AbstractProcessorLight.process(AbstractProcessorLight.java:63)
	at org.apache.coyote.AbstractProtocol$ConnectionHandler.process(AbstractProtocol.java:903)
	at org.apache.tomcat.util.net.NioEndpoint$SocketProcessor.doRun(NioEndpoint.java:1769)
	at org.apache.tomcat.util.net.SocketProcessorBase.run(SocketProcessorBase.java:52)
	at org.apache.tomcat.util.threads.ThreadPoolExecutor.runWorker(ThreadPoolExecutor.java:1189)
	at org.apache.tomcat.util.threads.ThreadPoolExecutor$Worker.run(ThreadPoolExecutor.java:658)
	at org.apache.tomcat.util.threads.TaskThread$WrappingRunnable.run(TaskThread.java:63)
	at java.base/java.lang.Thread.run(Thread.java:833)
25-07-12.18:05:09.001 [SpringApplicationShutdownHook] INFO  GracefulShutdown       - Commencing graceful shutdown. Waiting for active requests to complete
25-07-12.18:05:09.208 [tomcat-shutdown ] INFO  GracefulShutdown       - Graceful shutdown complete
25-07-12.18:05:09.214 [SpringApplicationShutdownHook] INFO  HikariDataSource       - HikariPool-1 - Shutdown initiated...
25-07-12.18:05:09.218 [SpringApplicationShutdownHook] INFO  HikariDataSource       - HikariPool-1 - Shutdown completed.
25-07-12.18:11:49.275 [main            ] INFO  Application            - Starting Application using Java 17.0.4.1 with PID 22056 (G:\Project\xiaofuge\s-pay-mall-mvc-songhan\s-pay-mall-web\target\classes started by 24031 in G:\Project\xiaofuge\s-pay-mall-mvc-songhan)
25-07-12.18:11:49.277 [main            ] INFO  Application            - The following 1 profile is active: "dev"
25-07-12.18:11:50.248 [main            ] INFO  TomcatWebServer        - Tomcat initialized with port 8080 (http)
25-07-12.18:11:50.260 [main            ] INFO  Http11NioProtocol      - Initializing ProtocolHandler ["http-nio-8080"]
25-07-12.18:11:50.261 [main            ] INFO  StandardService        - Starting service [Tomcat]
25-07-12.18:11:50.261 [main            ] INFO  StandardEngine         - Starting Servlet engine: [Apache Tomcat/10.1.42]
25-07-12.18:11:50.309 [main            ] INFO  [/]                    - Initializing Spring embedded WebApplicationContext
25-07-12.18:11:50.309 [main            ] INFO  ServletWebServerApplicationContext - Root WebApplicationContext: initialization completed in 995 ms
25-07-12.18:11:50.881 [main            ] INFO  EndpointLinksResolver  - Exposing 1 endpoint beneath base path '/actuator'
25-07-12.18:11:50.918 [main            ] INFO  Http11NioProtocol      - Starting ProtocolHandler ["http-nio-8080"]
25-07-12.18:11:50.934 [main            ] INFO  TomcatWebServer        - Tomcat started on port 8080 (http) with context path '/'
25-07-12.18:11:50.945 [main            ] INFO  Application            - Started Application in 2.17 seconds (process running for 2.601)
25-07-12.18:11:51.545 [RMI TCP Connection(3)-192.168.88.9] INFO  [/]                    - Initializing Spring DispatcherServlet 'dispatcherServlet'
25-07-12.18:11:51.545 [RMI TCP Connection(3)-192.168.88.9] INFO  DispatcherServlet      - Initializing Servlet 'dispatcherServlet'
25-07-12.18:11:51.546 [RMI TCP Connection(3)-192.168.88.9] INFO  DispatcherServlet      - Completed initialization in 1 ms
25-07-12.18:11:51.564 [RMI TCP Connection(1)-192.168.88.9] INFO  HikariDataSource       - HikariPool-1 - Starting...
25-07-12.18:11:51.665 [RMI TCP Connection(1)-192.168.88.9] INFO  HikariPool             - HikariPool-1 - Added connection com.mysql.cj.jdbc.ConnectionImpl@72dd2958
25-07-12.18:11:51.669 [RMI TCP Connection(1)-192.168.88.9] INFO  HikariDataSource       - HikariPool-1 - Start completed.
25-07-12.18:21:13.854 [SpringApplicationShutdownHook] INFO  GracefulShutdown       - Commencing graceful shutdown. Waiting for active requests to complete
25-07-12.18:21:14.066 [tomcat-shutdown ] INFO  GracefulShutdown       - Graceful shutdown complete
25-07-12.18:21:14.069 [SpringApplicationShutdownHook] INFO  HikariDataSource       - HikariPool-1 - Shutdown initiated...
25-07-12.18:21:14.073 [SpringApplicationShutdownHook] INFO  HikariDataSource       - HikariPool-1 - Shutdown completed.
25-07-12.18:21:19.951 [main            ] INFO  Application            - Starting Application using Java 17.0.4.1 on 寒的笔记本 with PID 37004 (G:\Project\xiaofuge\s-pay-mall-mvc-songhan\s-pay-mall-web\target\classes started by 24031 in G:\Project\xiaofuge\s-pay-mall-mvc-songhan)
25-07-12.18:21:19.953 [main            ] INFO  Application            - The following 1 profile is active: "dev"
25-07-12.18:21:20.591 [main            ] WARN  ClassPathMapperScanner - No MyBatis mapper was found in '[com.zidong]' package. Please check your configuration.
25-07-12.18:21:21.019 [main            ] INFO  TomcatWebServer        - Tomcat initialized with port(s): 8080 (http)
25-07-12.18:21:21.027 [main            ] INFO  Http11NioProtocol      - Initializing ProtocolHandler ["http-nio-8080"]
25-07-12.18:21:21.027 [main            ] INFO  StandardService        - Starting service [Tomcat]
25-07-12.18:21:21.028 [main            ] INFO  StandardEngine         - Starting Servlet engine: [Apache Tomcat/9.0.75]
25-07-12.18:21:21.124 [main            ] INFO  [/]                    - Initializing Spring embedded WebApplicationContext
25-07-12.18:21:21.124 [main            ] INFO  ServletWebServerApplicationContext - Root WebApplicationContext: initialization completed in 1136 ms
25-07-12.18:21:21.673 [main            ] INFO  EndpointLinksResolver  - Exposing 1 endpoint(s) beneath base path '/actuator'
25-07-12.18:21:21.691 [main            ] INFO  Http11NioProtocol      - Starting ProtocolHandler ["http-nio-8080"]
25-07-12.18:21:21.712 [main            ] INFO  TomcatWebServer        - Tomcat started on port(s): 8080 (http) with context path ''
25-07-12.18:21:21.722 [main            ] INFO  Application            - Started Application in 2.144 seconds (JVM running for 2.598)
25-07-12.18:21:21.975 [RMI TCP Connection(3)-192.168.88.9] INFO  [/]                    - Initializing Spring DispatcherServlet 'dispatcherServlet'
25-07-12.18:21:21.975 [RMI TCP Connection(3)-192.168.88.9] INFO  DispatcherServlet      - Initializing Servlet 'dispatcherServlet'
25-07-12.18:21:21.976 [RMI TCP Connection(3)-192.168.88.9] INFO  DispatcherServlet      - Completed initialization in 1 ms
25-07-12.18:21:21.977 [RMI TCP Connection(1)-192.168.88.9] INFO  HikariDataSource       - HikariPool-1 - Starting...
25-07-12.18:21:22.082 [RMI TCP Connection(1)-192.168.88.9] INFO  HikariDataSource       - HikariPool-1 - Start completed.
25-07-12.18:21:25.378 [http-nio-8080-exec-1] INFO  WeixinPortalController - 接收微信公众号信息请求ol7BBvk1zfz8EVM1f95_KQAC1Jyk开始 <xml><ToUserName><![CDATA[gh_db9aec6fcfc2]]></ToUserName>
<FromUserName><![CDATA[ol7BBvk1zfz8EVM1f95_KQAC1Jyk]]></FromUserName>
<CreateTime>1752358884</CreateTime>
<MsgType><![CDATA[event]]></MsgType>
<Event><![CDATA[CLICK]]></Event>
<EventKey><![CDATA[MENU_ABOUT]]></EventKey>
</xml>
25-07-12.18:21:28.528 [http-nio-8080-exec-3] INFO  WeixinPortalController - 接收微信公众号信息请求ol7BBvk1zfz8EVM1f95_KQAC1Jyk开始 <xml><ToUserName><![CDATA[gh_db9aec6fcfc2]]></ToUserName>
<FromUserName><![CDATA[ol7BBvk1zfz8EVM1f95_KQAC1Jyk]]></FromUserName>
<CreateTime>1752358888</CreateTime>
<MsgType><![CDATA[event]]></MsgType>
<Event><![CDATA[CLICK]]></Event>
<EventKey><![CDATA[MENU_CONTACT]]></EventKey>
</xml>
25-07-12.18:21:30.887 [http-nio-8080-exec-5] INFO  WeixinPortalController - 接收微信公众号信息请求ol7BBvk1zfz8EVM1f95_KQAC1Jyk开始 <xml><ToUserName><![CDATA[gh_db9aec6fcfc2]]></ToUserName>
<FromUserName><![CDATA[ol7BBvk1zfz8EVM1f95_KQAC1Jyk]]></FromUserName>
<CreateTime>1752358890</CreateTime>
<MsgType><![CDATA[event]]></MsgType>
<Event><![CDATA[CLICK]]></Event>
<EventKey><![CDATA[MENU_HELP]]></EventKey>
</xml>
25-07-12.19:04:03.913 [SpringApplicationShutdownHook] INFO  HikariDataSource       - HikariPool-1 - Shutdown initiated...
25-07-12.19:04:03.915 [SpringApplicationShutdownHook] INFO  HikariDataSource       - HikariPool-1 - Shutdown completed.
25-07-12.19:46:32.507 [main            ] INFO  Application            - Starting Application using Java 17.0.15 on Zidxu with PID 3628 (C:\Users\34864\IdeaProjects\sPayMall\s-pay-mall-mvc-wechat-login\s-pay-mall-web\target\classes started by 34864 in C:\Users\34864\IdeaProjects\sPayMall\s-pay-mall-mvc-wechat-login)
25-07-12.19:46:32.509 [main            ] INFO  Application            - The following 1 profile is active: "dev"
25-07-12.19:46:33.201 [main            ] WARN  ClassPathMapperScanner - No MyBatis mapper was found in '[com.zidong]' package. Please check your configuration.
25-07-12.19:46:33.550 [main            ] INFO  TomcatWebServer        - Tomcat initialized with port(s): 8080 (http)
25-07-12.19:46:33.559 [main            ] INFO  Http11NioProtocol      - Initializing ProtocolHandler ["http-nio-8080"]
25-07-12.19:46:33.559 [main            ] INFO  StandardService        - Starting service [Tomcat]
25-07-12.19:46:33.559 [main            ] INFO  StandardEngine         - Starting Servlet engine: [Apache Tomcat/9.0.75]
25-07-12.19:46:33.648 [main            ] INFO  [/]                    - Initializing Spring embedded WebApplicationContext
25-07-12.19:46:33.649 [main            ] INFO  ServletWebServerApplicationContext - Root WebApplicationContext: initialization completed in 1097 ms
25-07-12.19:46:34.166 [main            ] INFO  EndpointLinksResolver  - Exposing 1 endpoint(s) beneath base path '/actuator'
25-07-12.19:46:34.188 [main            ] INFO  Http11NioProtocol      - Starting ProtocolHandler ["http-nio-8080"]
25-07-12.19:46:34.211 [main            ] INFO  TomcatWebServer        - Tomcat started on port(s): 8080 (http) with context path ''
25-07-12.19:46:34.224 [main            ] INFO  Application            - Started Application in 2.101 seconds (JVM running for 2.757)
25-07-12.19:46:34.593 [RMI TCP Connection(2)-192.168.88.8] INFO  [/]                    - Initializing Spring DispatcherServlet 'dispatcherServlet'
25-07-12.19:46:34.593 [RMI TCP Connection(2)-192.168.88.8] INFO  DispatcherServlet      - Initializing Servlet 'dispatcherServlet'
25-07-12.19:46:34.595 [RMI TCP Connection(2)-192.168.88.8] INFO  DispatcherServlet      - Completed initialization in 1 ms
25-07-12.19:46:34.596 [RMI TCP Connection(3)-192.168.88.8] INFO  HikariDataSource       - HikariPool-1 - Starting...
25-07-12.19:46:35.718 [RMI TCP Connection(3)-192.168.88.8] ERROR HikariPool             - HikariPool-1 - Exception during pool initialization.
java.sql.SQLNonTransientConnectionException: Public Key Retrieval is not allowed
	at com.mysql.cj.jdbc.exceptions.SQLError.createSQLException(SQLError.java:110)
	at com.mysql.cj.jdbc.exceptions.SQLExceptionsMapping.translateException(SQLExceptionsMapping.java:122)
	at com.mysql.cj.jdbc.ConnectionImpl.createNewIO(ConnectionImpl.java:833)
	at com.mysql.cj.jdbc.ConnectionImpl.<init>(ConnectionImpl.java:453)
	at com.mysql.cj.jdbc.ConnectionImpl.getInstance(ConnectionImpl.java:246)
	at com.mysql.cj.jdbc.NonRegisteringDriver.connect(NonRegisteringDriver.java:198)
	at com.zaxxer.hikari.util.DriverDataSource.getConnection(DriverDataSource.java:138)
	at com.zaxxer.hikari.pool.PoolBase.newConnection(PoolBase.java:364)
	at com.zaxxer.hikari.pool.PoolBase.newPoolEntry(PoolBase.java:206)
	at com.zaxxer.hikari.pool.HikariPool.createPoolEntry(HikariPool.java:476)
	at com.zaxxer.hikari.pool.HikariPool.checkFailFast(HikariPool.java:561)
	at com.zaxxer.hikari.pool.HikariPool.<init>(HikariPool.java:115)
	at com.zaxxer.hikari.HikariDataSource.getConnection(HikariDataSource.java:112)
	at org.springframework.jdbc.datasource.DataSourceUtils.fetchConnection(DataSourceUtils.java:159)
	at org.springframework.jdbc.datasource.DataSourceUtils.doGetConnection(DataSourceUtils.java:117)
	at org.springframework.jdbc.datasource.DataSourceUtils.getConnection(DataSourceUtils.java:80)
	at org.springframework.jdbc.core.JdbcTemplate.execute(JdbcTemplate.java:330)
	at org.springframework.boot.actuate.jdbc.DataSourceHealthIndicator.getProduct(DataSourceHealthIndicator.java:122)
	at org.springframework.boot.actuate.jdbc.DataSourceHealthIndicator.doDataSourceHealthCheck(DataSourceHealthIndicator.java:105)
	at org.springframework.boot.actuate.jdbc.DataSourceHealthIndicator.doHealthCheck(DataSourceHealthIndicator.java:100)
	at org.springframework.boot.actuate.health.AbstractHealthIndicator.health(AbstractHealthIndicator.java:82)
	at org.springframework.boot.actuate.health.HealthIndicator.getHealth(HealthIndicator.java:37)
	at org.springframework.boot.actuate.health.HealthEndpoint.getHealth(HealthEndpoint.java:94)
	at org.springframework.boot.actuate.health.HealthEndpoint.getHealth(HealthEndpoint.java:41)
	at org.springframework.boot.actuate.health.HealthEndpointSupport.getLoggedHealth(HealthEndpointSupport.java:172)
	at org.springframework.boot.actuate.health.HealthEndpointSupport.getContribution(HealthEndpointSupport.java:145)
	at org.springframework.boot.actuate.health.HealthEndpointSupport.getAggregateContribution(HealthEndpointSupport.java:156)
	at org.springframework.boot.actuate.health.HealthEndpointSupport.getContribution(HealthEndpointSupport.java:141)
	at org.springframework.boot.actuate.health.HealthEndpointSupport.getHealth(HealthEndpointSupport.java:110)
	at org.springframework.boot.actuate.health.HealthEndpointSupport.getHealth(HealthEndpointSupport.java:81)
	at org.springframework.boot.actuate.health.HealthEndpoint.health(HealthEndpoint.java:88)
	at org.springframework.boot.actuate.health.HealthEndpoint.health(HealthEndpoint.java:78)
	at java.base/jdk.internal.reflect.NativeMethodAccessorImpl.invoke0(Native Method)
	at java.base/jdk.internal.reflect.NativeMethodAccessorImpl.invoke(NativeMethodAccessorImpl.java:77)
	at java.base/jdk.internal.reflect.DelegatingMethodAccessorImpl.invoke(DelegatingMethodAccessorImpl.java:43)
	at java.base/java.lang.reflect.Method.invoke(Method.java:569)
	at org.springframework.util.ReflectionUtils.invokeMethod(ReflectionUtils.java:282)
	at org.springframework.boot.actuate.endpoint.invoke.reflect.ReflectiveOperationInvoker.invoke(ReflectiveOperationInvoker.java:74)
	at org.springframework.boot.actuate.endpoint.annotation.AbstractDiscoveredOperation.invoke(AbstractDiscoveredOperation.java:60)
	at org.springframework.boot.actuate.endpoint.jmx.EndpointMBean.invoke(EndpointMBean.java:124)
	at org.springframework.boot.actuate.endpoint.jmx.EndpointMBean.invoke(EndpointMBean.java:97)
	at java.management/com.sun.jmx.interceptor.DefaultMBeanServerInterceptor.invoke(DefaultMBeanServerInterceptor.java:814)
	at java.management/com.sun.jmx.mbeanserver.JmxMBeanServer.invoke(JmxMBeanServer.java:802)
	at java.management.rmi/javax.management.remote.rmi.RMIConnectionImpl.doOperation(RMIConnectionImpl.java:1472)
	at java.management.rmi/javax.management.remote.rmi.RMIConnectionImpl$PrivilegedOperation.run(RMIConnectionImpl.java:1310)
	at java.management.rmi/javax.management.remote.rmi.RMIConnectionImpl.doPrivilegedOperation(RMIConnectionImpl.java:1405)
	at java.management.rmi/javax.management.remote.rmi.RMIConnectionImpl.invoke(RMIConnectionImpl.java:829)
	at java.base/jdk.internal.reflect.NativeMethodAccessorImpl.invoke0(Native Method)
	at java.base/jdk.internal.reflect.NativeMethodAccessorImpl.invoke(NativeMethodAccessorImpl.java:77)
	at java.base/jdk.internal.reflect.DelegatingMethodAccessorImpl.invoke(DelegatingMethodAccessorImpl.java:43)
	at java.base/java.lang.reflect.Method.invoke(Method.java:569)
	at java.rmi/sun.rmi.server.UnicastServerRef.dispatch(UnicastServerRef.java:360)
	at java.rmi/sun.rmi.transport.Transport$1.run(Transport.java:200)
	at java.rmi/sun.rmi.transport.Transport$1.run(Transport.java:197)
	at java.base/java.security.AccessController.doPrivileged(AccessController.java:712)
	at java.rmi/sun.rmi.transport.Transport.serviceCall(Transport.java:196)
	at java.rmi/sun.rmi.transport.tcp.TCPTransport.handleMessages(TCPTransport.java:587)
	at java.rmi/sun.rmi.transport.tcp.TCPTransport$ConnectionHandler.run0(TCPTransport.java:828)
	at java.rmi/sun.rmi.transport.tcp.TCPTransport$ConnectionHandler.lambda$run$0(TCPTransport.java:705)
	at java.base/java.security.AccessController.doPrivileged(AccessController.java:399)
	at java.rmi/sun.rmi.transport.tcp.TCPTransport$ConnectionHandler.run(TCPTransport.java:704)
	at java.base/java.util.concurrent.ThreadPoolExecutor.runWorker(ThreadPoolExecutor.java:1136)
	at java.base/java.util.concurrent.ThreadPoolExecutor$Worker.run(ThreadPoolExecutor.java:635)
	at java.base/java.lang.Thread.run(Thread.java:840)
Caused by: com.mysql.cj.exceptions.UnableToConnectException: Public Key Retrieval is not allowed
	at java.base/jdk.internal.reflect.NativeConstructorAccessorImpl.newInstance0(Native Method)
	at java.base/jdk.internal.reflect.NativeConstructorAccessorImpl.newInstance(NativeConstructorAccessorImpl.java:77)
	at java.base/jdk.internal.reflect.DelegatingConstructorAccessorImpl.newInstance(DelegatingConstructorAccessorImpl.java:45)
	at java.base/java.lang.reflect.Constructor.newInstanceWithCaller(Constructor.java:500)
	at java.base/java.lang.reflect.Constructor.newInstance(Constructor.java:481)
	at com.mysql.cj.exceptions.ExceptionFactory.createException(ExceptionFactory.java:61)
	at com.mysql.cj.exceptions.ExceptionFactory.createException(ExceptionFactory.java:85)
	at com.mysql.cj.protocol.a.authentication.CachingSha2PasswordPlugin.nextAuthenticationStep(CachingSha2PasswordPlugin.java:128)
	at com.mysql.cj.protocol.a.authentication.CachingSha2PasswordPlugin.nextAuthenticationStep(CachingSha2PasswordPlugin.java:49)
	at com.mysql.cj.protocol.a.NativeAuthenticationProvider.proceedHandshakeWithPluggableAuthentication(NativeAuthenticationProvider.java:441)
	at com.mysql.cj.protocol.a.NativeAuthenticationProvider.connect(NativeAuthenticationProvider.java:174)
	at com.mysql.cj.protocol.a.NativeProtocol.connect(NativeProtocol.java:1350)
	at com.mysql.cj.NativeSession.connect(NativeSession.java:157)
	at com.mysql.cj.jdbc.ConnectionImpl.connectOneTryOnly(ConnectionImpl.java:953)
	at com.mysql.cj.jdbc.ConnectionImpl.createNewIO(ConnectionImpl.java:823)
	... 61 common frames omitted
25-07-12.19:46:35.719 [RMI TCP Connection(3)-192.168.88.8] WARN  DataSourceHealthIndicator - DataSource health check failed
org.springframework.jdbc.CannotGetJdbcConnectionException: Failed to obtain JDBC Connection; nested exception is java.sql.SQLNonTransientConnectionException: Public Key Retrieval is not allowed
	at org.springframework.jdbc.datasource.DataSourceUtils.getConnection(DataSourceUtils.java:83)
	at org.springframework.jdbc.core.JdbcTemplate.execute(JdbcTemplate.java:330)
	at org.springframework.boot.actuate.jdbc.DataSourceHealthIndicator.getProduct(DataSourceHealthIndicator.java:122)
	at org.springframework.boot.actuate.jdbc.DataSourceHealthIndicator.doDataSourceHealthCheck(DataSourceHealthIndicator.java:105)
	at org.springframework.boot.actuate.jdbc.DataSourceHealthIndicator.doHealthCheck(DataSourceHealthIndicator.java:100)
	at org.springframework.boot.actuate.health.AbstractHealthIndicator.health(AbstractHealthIndicator.java:82)
	at org.springframework.boot.actuate.health.HealthIndicator.getHealth(HealthIndicator.java:37)
	at org.springframework.boot.actuate.health.HealthEndpoint.getHealth(HealthEndpoint.java:94)
	at org.springframework.boot.actuate.health.HealthEndpoint.getHealth(HealthEndpoint.java:41)
	at org.springframework.boot.actuate.health.HealthEndpointSupport.getLoggedHealth(HealthEndpointSupport.java:172)
	at org.springframework.boot.actuate.health.HealthEndpointSupport.getContribution(HealthEndpointSupport.java:145)
	at org.springframework.boot.actuate.health.HealthEndpointSupport.getAggregateContribution(HealthEndpointSupport.java:156)
	at org.springframework.boot.actuate.health.HealthEndpointSupport.getContribution(HealthEndpointSupport.java:141)
	at org.springframework.boot.actuate.health.HealthEndpointSupport.getHealth(HealthEndpointSupport.java:110)
	at org.springframework.boot.actuate.health.HealthEndpointSupport.getHealth(HealthEndpointSupport.java:81)
	at org.springframework.boot.actuate.health.HealthEndpoint.health(HealthEndpoint.java:88)
	at org.springframework.boot.actuate.health.HealthEndpoint.health(HealthEndpoint.java:78)
	at java.base/jdk.internal.reflect.NativeMethodAccessorImpl.invoke0(Native Method)
	at java.base/jdk.internal.reflect.NativeMethodAccessorImpl.invoke(NativeMethodAccessorImpl.java:77)
	at java.base/jdk.internal.reflect.DelegatingMethodAccessorImpl.invoke(DelegatingMethodAccessorImpl.java:43)
	at java.base/java.lang.reflect.Method.invoke(Method.java:569)
	at org.springframework.util.ReflectionUtils.invokeMethod(ReflectionUtils.java:282)
	at org.springframework.boot.actuate.endpoint.invoke.reflect.ReflectiveOperationInvoker.invoke(ReflectiveOperationInvoker.java:74)
	at org.springframework.boot.actuate.endpoint.annotation.AbstractDiscoveredOperation.invoke(AbstractDiscoveredOperation.java:60)
	at org.springframework.boot.actuate.endpoint.jmx.EndpointMBean.invoke(EndpointMBean.java:124)
	at org.springframework.boot.actuate.endpoint.jmx.EndpointMBean.invoke(EndpointMBean.java:97)
	at java.management/com.sun.jmx.interceptor.DefaultMBeanServerInterceptor.invoke(DefaultMBeanServerInterceptor.java:814)
	at java.management/com.sun.jmx.mbeanserver.JmxMBeanServer.invoke(JmxMBeanServer.java:802)
	at java.management.rmi/javax.management.remote.rmi.RMIConnectionImpl.doOperation(RMIConnectionImpl.java:1472)
	at java.management.rmi/javax.management.remote.rmi.RMIConnectionImpl$PrivilegedOperation.run(RMIConnectionImpl.java:1310)
	at java.management.rmi/javax.management.remote.rmi.RMIConnectionImpl.doPrivilegedOperation(RMIConnectionImpl.java:1405)
	at java.management.rmi/javax.management.remote.rmi.RMIConnectionImpl.invoke(RMIConnectionImpl.java:829)
	at java.base/jdk.internal.reflect.NativeMethodAccessorImpl.invoke0(Native Method)
	at java.base/jdk.internal.reflect.NativeMethodAccessorImpl.invoke(NativeMethodAccessorImpl.java:77)
	at java.base/jdk.internal.reflect.DelegatingMethodAccessorImpl.invoke(DelegatingMethodAccessorImpl.java:43)
	at java.base/java.lang.reflect.Method.invoke(Method.java:569)
	at java.rmi/sun.rmi.server.UnicastServerRef.dispatch(UnicastServerRef.java:360)
	at java.rmi/sun.rmi.transport.Transport$1.run(Transport.java:200)
	at java.rmi/sun.rmi.transport.Transport$1.run(Transport.java:197)
	at java.base/java.security.AccessController.doPrivileged(AccessController.java:712)
	at java.rmi/sun.rmi.transport.Transport.serviceCall(Transport.java:196)
	at java.rmi/sun.rmi.transport.tcp.TCPTransport.handleMessages(TCPTransport.java:587)
	at java.rmi/sun.rmi.transport.tcp.TCPTransport$ConnectionHandler.run0(TCPTransport.java:828)
	at java.rmi/sun.rmi.transport.tcp.TCPTransport$ConnectionHandler.lambda$run$0(TCPTransport.java:705)
	at java.base/java.security.AccessController.doPrivileged(AccessController.java:399)
	at java.rmi/sun.rmi.transport.tcp.TCPTransport$ConnectionHandler.run(TCPTransport.java:704)
	at java.base/java.util.concurrent.ThreadPoolExecutor.runWorker(ThreadPoolExecutor.java:1136)
	at java.base/java.util.concurrent.ThreadPoolExecutor$Worker.run(ThreadPoolExecutor.java:635)
	at java.base/java.lang.Thread.run(Thread.java:840)
Caused by: java.sql.SQLNonTransientConnectionException: Public Key Retrieval is not allowed
	at com.mysql.cj.jdbc.exceptions.SQLError.createSQLException(SQLError.java:110)
	at com.mysql.cj.jdbc.exceptions.SQLExceptionsMapping.translateException(SQLExceptionsMapping.java:122)
	at com.mysql.cj.jdbc.ConnectionImpl.createNewIO(ConnectionImpl.java:833)
	at com.mysql.cj.jdbc.ConnectionImpl.<init>(ConnectionImpl.java:453)
	at com.mysql.cj.jdbc.ConnectionImpl.getInstance(ConnectionImpl.java:246)
	at com.mysql.cj.jdbc.NonRegisteringDriver.connect(NonRegisteringDriver.java:198)
	at com.zaxxer.hikari.util.DriverDataSource.getConnection(DriverDataSource.java:138)
	at com.zaxxer.hikari.pool.PoolBase.newConnection(PoolBase.java:364)
	at com.zaxxer.hikari.pool.PoolBase.newPoolEntry(PoolBase.java:206)
	at com.zaxxer.hikari.pool.HikariPool.createPoolEntry(HikariPool.java:476)
	at com.zaxxer.hikari.pool.HikariPool.checkFailFast(HikariPool.java:561)
	at com.zaxxer.hikari.pool.HikariPool.<init>(HikariPool.java:115)
	at com.zaxxer.hikari.HikariDataSource.getConnection(HikariDataSource.java:112)
	at org.springframework.jdbc.datasource.DataSourceUtils.fetchConnection(DataSourceUtils.java:159)
	at org.springframework.jdbc.datasource.DataSourceUtils.doGetConnection(DataSourceUtils.java:117)
	at org.springframework.jdbc.datasource.DataSourceUtils.getConnection(DataSourceUtils.java:80)
	... 48 common frames omitted
Caused by: com.mysql.cj.exceptions.UnableToConnectException: Public Key Retrieval is not allowed
	at java.base/jdk.internal.reflect.NativeConstructorAccessorImpl.newInstance0(Native Method)
	at java.base/jdk.internal.reflect.NativeConstructorAccessorImpl.newInstance(NativeConstructorAccessorImpl.java:77)
	at java.base/jdk.internal.reflect.DelegatingConstructorAccessorImpl.newInstance(DelegatingConstructorAccessorImpl.java:45)
	at java.base/java.lang.reflect.Constructor.newInstanceWithCaller(Constructor.java:500)
	at java.base/java.lang.reflect.Constructor.newInstance(Constructor.java:481)
	at com.mysql.cj.exceptions.ExceptionFactory.createException(ExceptionFactory.java:61)
	at com.mysql.cj.exceptions.ExceptionFactory.createException(ExceptionFactory.java:85)
	at com.mysql.cj.protocol.a.authentication.CachingSha2PasswordPlugin.nextAuthenticationStep(CachingSha2PasswordPlugin.java:128)
	at com.mysql.cj.protocol.a.authentication.CachingSha2PasswordPlugin.nextAuthenticationStep(CachingSha2PasswordPlugin.java:49)
	at com.mysql.cj.protocol.a.NativeAuthenticationProvider.proceedHandshakeWithPluggableAuthentication(NativeAuthenticationProvider.java:441)
	at com.mysql.cj.protocol.a.NativeAuthenticationProvider.connect(NativeAuthenticationProvider.java:174)
	at com.mysql.cj.protocol.a.NativeProtocol.connect(NativeProtocol.java:1350)
	at com.mysql.cj.NativeSession.connect(NativeSession.java:157)
	at com.mysql.cj.jdbc.ConnectionImpl.connectOneTryOnly(ConnectionImpl.java:953)
	at com.mysql.cj.jdbc.ConnectionImpl.createNewIO(ConnectionImpl.java:823)
	... 61 common frames omitted
25-07-12.19:46:50.292 [main            ] INFO  Application            - Starting Application using Java 17.0.15 on Zidxu with PID 31968 (C:\Users\34864\IdeaProjects\sPayMall\s-pay-mall-mvc-wechat-login\s-pay-mall-web\target\classes started by 34864 in C:\Users\34864\IdeaProjects\sPayMall\s-pay-mall-mvc-wechat-login)
25-07-12.19:46:50.294 [main            ] INFO  Application            - The following 1 profile is active: "dev"
25-07-12.19:46:50.871 [main            ] WARN  ClassPathMapperScanner - No MyBatis mapper was found in '[com.zidong]' package. Please check your configuration.
25-07-12.19:46:51.173 [main            ] INFO  TomcatWebServer        - Tomcat initialized with port(s): 8080 (http)
25-07-12.19:46:51.178 [main            ] INFO  Http11NioProtocol      - Initializing ProtocolHandler ["http-nio-8080"]
25-07-12.19:46:51.178 [main            ] INFO  StandardService        - Starting service [Tomcat]
25-07-12.19:46:51.178 [main            ] INFO  StandardEngine         - Starting Servlet engine: [Apache Tomcat/9.0.75]
25-07-12.19:46:51.253 [main            ] INFO  [/]                    - Initializing Spring embedded WebApplicationContext
25-07-12.19:46:51.253 [main            ] INFO  ServletWebServerApplicationContext - Root WebApplicationContext: initialization completed in 929 ms
25-07-12.19:46:51.706 [main            ] INFO  EndpointLinksResolver  - Exposing 1 endpoint(s) beneath base path '/actuator'
25-07-12.19:46:51.722 [main            ] INFO  Http11NioProtocol      - Starting ProtocolHandler ["http-nio-8080"]
25-07-12.19:46:51.732 [main            ] INFO  TomcatWebServer        - Tomcat started on port(s): 8080 (http) with context path ''
25-07-12.19:46:51.748 [main            ] INFO  Application            - Started Application in 1.831 seconds (JVM running for 2.281)
25-07-12.19:46:52.213 [RMI TCP Connection(3)-192.168.88.8] INFO  [/]                    - Initializing Spring DispatcherServlet 'dispatcherServlet'
25-07-12.19:46:52.213 [RMI TCP Connection(3)-192.168.88.8] INFO  DispatcherServlet      - Initializing Servlet 'dispatcherServlet'
25-07-12.19:46:52.214 [RMI TCP Connection(3)-192.168.88.8] INFO  DispatcherServlet      - Completed initialization in 1 ms
25-07-12.19:46:52.217 [RMI TCP Connection(1)-192.168.88.8] INFO  HikariDataSource       - HikariPool-1 - Starting...
25-07-12.19:46:52.313 [RMI TCP Connection(1)-192.168.88.8] INFO  HikariDataSource       - HikariPool-1 - Start completed.
25-07-12.19:47:10.554 [http-nio-8080-exec-1] INFO  WeixinPortalController - 接收微信公众号信息请求ojbBBvvBAKC6-0dX3WEqAcjjzwPg开始 <xml><ToUserName><![CDATA[gh_e5d6b1e312f0]]></ToUserName>
<FromUserName><![CDATA[ojbBBvvBAKC6-0dX3WEqAcjjzwPg]]></FromUserName>
<CreateTime>1752364028</CreateTime>
<MsgType><![CDATA[text]]></MsgType>
<Content><![CDATA[111]]></Content>
<MsgId>25087820735246305</MsgId>
</xml>
25-07-12.19:47:28.541 [http-nio-8080-exec-3] INFO  WeixinPortalController - 接收微信公众号信息请求ojbBBvvBAKC6-0dX3WEqAcjjzwPg开始 <xml><ToUserName><![CDATA[gh_e5d6b1e312f0]]></ToUserName>
<FromUserName><![CDATA[ojbBBvvBAKC6-0dX3WEqAcjjzwPg]]></FromUserName>
<CreateTime>1752364047</CreateTime>
<MsgType><![CDATA[text]]></MsgType>
<Content><![CDATA[www]]></Content>
<MsgId>25087820387708043</MsgId>
</xml>
25-07-12.19:48:09.503 [http-nio-8080-exec-6] INFO  WeixinPortalController - 接收微信公众号信息请求ojbBBvvBAKC6-0dX3WEqAcjjzwPg开始 <xml><ToUserName><![CDATA[gh_e5d6b1e312f0]]></ToUserName>
<FromUserName><![CDATA[ojbBBvvBAKC6-0dX3WEqAcjjzwPg]]></FromUserName>
<CreateTime>1752364088</CreateTime>
<MsgType><![CDATA[text]]></MsgType>
<Content><![CDATA[qqq]]></Content>
<MsgId>25087819594989617</MsgId>
</xml>
25-07-12.19:48:16.482 [SpringApplicationShutdownHook] INFO  HikariDataSource       - HikariPool-1 - Shutdown initiated...
25-07-12.19:48:16.486 [SpringApplicationShutdownHook] INFO  HikariDataSource       - HikariPool-1 - Shutdown completed.
25-07-12.19:48:18.162 [main            ] INFO  Application            - Starting Application using Java 17.0.15 on Zidxu with PID 34940 (C:\Users\34864\IdeaProjects\sPayMall\s-pay-mall-mvc-wechat-login\s-pay-mall-web\target\classes started by 34864 in C:\Users\34864\IdeaProjects\sPayMall\s-pay-mall-mvc-wechat-login)
25-07-12.19:48:18.163 [main            ] INFO  Application            - The following 1 profile is active: "dev"
25-07-12.19:48:18.707 [main            ] WARN  ClassPathMapperScanner - No MyBatis mapper was found in '[com.zidong]' package. Please check your configuration.
25-07-12.19:48:18.980 [main            ] INFO  TomcatWebServer        - Tomcat initialized with port(s): 8080 (http)
25-07-12.19:48:18.985 [main            ] INFO  Http11NioProtocol      - Initializing ProtocolHandler ["http-nio-8080"]
25-07-12.19:48:18.986 [main            ] INFO  StandardService        - Starting service [Tomcat]
25-07-12.19:48:18.986 [main            ] INFO  StandardEngine         - Starting Servlet engine: [Apache Tomcat/9.0.75]
25-07-12.19:48:19.056 [main            ] INFO  [/]                    - Initializing Spring embedded WebApplicationContext
25-07-12.19:48:19.056 [main            ] INFO  ServletWebServerApplicationContext - Root WebApplicationContext: initialization completed in 856 ms
25-07-12.19:48:19.526 [main            ] INFO  EndpointLinksResolver  - Exposing 1 endpoint(s) beneath base path '/actuator'
25-07-12.19:48:19.544 [main            ] INFO  Http11NioProtocol      - Starting ProtocolHandler ["http-nio-8080"]
25-07-12.19:48:19.561 [main            ] INFO  TomcatWebServer        - Tomcat started on port(s): 8080 (http) with context path ''
25-07-12.19:48:19.574 [main            ] INFO  Application            - Started Application in 1.818 seconds (JVM running for 2.228)
25-07-12.19:48:19.610 [RMI TCP Connection(1)-192.168.88.8] INFO  [/]                    - Initializing Spring DispatcherServlet 'dispatcherServlet'
25-07-12.19:48:19.611 [RMI TCP Connection(1)-192.168.88.8] INFO  DispatcherServlet      - Initializing Servlet 'dispatcherServlet'
25-07-12.19:48:19.611 [RMI TCP Connection(1)-192.168.88.8] INFO  DispatcherServlet      - Completed initialization in 0 ms
25-07-12.19:48:19.633 [RMI TCP Connection(4)-192.168.88.8] INFO  HikariDataSource       - HikariPool-1 - Starting...
25-07-12.19:48:19.719 [RMI TCP Connection(4)-192.168.88.8] INFO  HikariDataSource       - HikariPool-1 - Start completed.
25-07-12.19:48:26.566 [http-nio-8080-exec-2] INFO  WeixinPortalController - 接收微信公众号信息请求ojbBBvvBAKC6-0dX3WEqAcjjzwPg开始 <xml><ToUserName><![CDATA[gh_e5d6b1e312f0]]></ToUserName>
<FromUserName><![CDATA[ojbBBvvBAKC6-0dX3WEqAcjjzwPg]]></FromUserName>
<CreateTime>1752364105</CreateTime>
<MsgType><![CDATA[text]]></MsgType>
<Content><![CDATA[111]]></Content>
<MsgId>25087822242694121</MsgId>
</xml>
25-07-12.19:50:11.861 [http-nio-8080-exec-6] INFO  WeixinPortalController - 接收微信公众号信息请求ojbBBvvBAKC6-0dX3WEqAcjjzwPg开始 <xml><ToUserName><![CDATA[gh_e5d6b1e312f0]]></ToUserName>
<FromUserName><![CDATA[ojbBBvvBAKC6-0dX3WEqAcjjzwPg]]></FromUserName>
<CreateTime>1752364210</CreateTime>
<MsgType><![CDATA[event]]></MsgType>
<Event><![CDATA[unsubscribe]]></Event>
<EventKey><![CDATA[]]></EventKey>
</xml>
25-07-12.19:50:12.869 [http-nio-8080-exec-5] INFO  WeixinPortalController - 接收微信公众号信息请求ojbBBvvBAKC6-0dX3WEqAcjjzwPg开始 <xml><ToUserName><![CDATA[gh_e5d6b1e312f0]]></ToUserName>
<FromUserName><![CDATA[ojbBBvvBAKC6-0dX3WEqAcjjzwPg]]></FromUserName>
<CreateTime>1752364212</CreateTime>
<MsgType><![CDATA[event]]></MsgType>
<Event><![CDATA[subscribe]]></Event>
<EventKey><![CDATA[]]></EventKey>
</xml>
25-07-12.19:50:21.935 [http-nio-8080-exec-7] INFO  WeixinPortalController - 接收微信公众号信息请求ojbBBvvBAKC6-0dX3WEqAcjjzwPg开始 <xml><ToUserName><![CDATA[gh_e5d6b1e312f0]]></ToUserName>
<FromUserName><![CDATA[ojbBBvvBAKC6-0dX3WEqAcjjzwPg]]></FromUserName>
<CreateTime>1752364221</CreateTime>
<MsgType><![CDATA[text]]></MsgType>
<Content><![CDATA[[Facepalm]]]></Content>
<MsgId>25087825386902031</MsgId>
</xml>
25-07-12.19:50:55.500 [http-nio-8080-exec-9] INFO  WeixinPortalController - 接收微信公众号信息请求ojbBBvvBAKC6-0dX3WEqAcjjzwPg开始 <xml><ToUserName><![CDATA[gh_e5d6b1e312f0]]></ToUserName>
<FromUserName><![CDATA[ojbBBvvBAKC6-0dX3WEqAcjjzwPg]]></FromUserName>
<CreateTime>1752364254</CreateTime>
<MsgType><![CDATA[text]]></MsgType>
<Content><![CDATA[yfotdoyd]]></Content>
<MsgId>25087826032171116</MsgId>
</xml>
25-07-12.19:51:04.490 [SpringApplicationShutdownHook] INFO  HikariDataSource       - HikariPool-1 - Shutdown initiated...
25-07-12.19:51:04.494 [SpringApplicationShutdownHook] INFO  HikariDataSource       - HikariPool-1 - Shutdown completed.
25-07-12.19:51:10.083 [main            ] INFO  Application            - Starting Application using Java 17.0.15 on Zidxu with PID 4720 (C:\Users\34864\IdeaProjects\sPayMall\s-pay-mall-mvc-wechat-login\s-pay-mall-web\target\classes started by 34864 in C:\Users\34864\IdeaProjects\sPayMall\s-pay-mall-mvc-wechat-login)
25-07-12.19:51:10.085 [main            ] INFO  Application            - The following 1 profile is active: "dev"
25-07-12.19:51:10.669 [main            ] WARN  ClassPathMapperScanner - No MyBatis mapper was found in '[com.zidong]' package. Please check your configuration.
25-07-12.19:51:10.975 [main            ] INFO  TomcatWebServer        - Tomcat initialized with port(s): 8080 (http)
25-07-12.19:51:10.980 [main            ] INFO  Http11NioProtocol      - Initializing ProtocolHandler ["http-nio-8080"]
25-07-12.19:51:10.981 [main            ] INFO  StandardService        - Starting service [Tomcat]
25-07-12.19:51:10.981 [main            ] INFO  StandardEngine         - Starting Servlet engine: [Apache Tomcat/9.0.75]
25-07-12.19:51:11.060 [main            ] INFO  [/]                    - Initializing Spring embedded WebApplicationContext
25-07-12.19:51:11.060 [main            ] INFO  ServletWebServerApplicationContext - Root WebApplicationContext: initialization completed in 941 ms
25-07-12.19:51:11.686 [main            ] INFO  EndpointLinksResolver  - Exposing 1 endpoint(s) beneath base path '/actuator'
25-07-12.19:51:11.711 [main            ] INFO  Http11NioProtocol      - Starting ProtocolHandler ["http-nio-8080"]
25-07-12.19:51:11.741 [main            ] INFO  TomcatWebServer        - Tomcat started on port(s): 8080 (http) with context path ''
25-07-12.19:51:11.752 [main            ] INFO  Application            - Started Application in 2.068 seconds (JVM running for 2.908)
25-07-12.19:51:12.259 [RMI TCP Connection(4)-192.168.88.8] INFO  [/]                    - Initializing Spring DispatcherServlet 'dispatcherServlet'
25-07-12.19:51:12.259 [RMI TCP Connection(4)-192.168.88.8] INFO  DispatcherServlet      - Initializing Servlet 'dispatcherServlet'
25-07-12.19:51:12.260 [RMI TCP Connection(4)-192.168.88.8] INFO  DispatcherServlet      - Completed initialization in 1 ms
25-07-12.19:51:12.276 [RMI TCP Connection(5)-192.168.88.8] INFO  HikariDataSource       - HikariPool-1 - Starting...
25-07-12.19:51:12.376 [RMI TCP Connection(5)-192.168.88.8] INFO  HikariDataSource       - HikariPool-1 - Start completed.
25-07-12.19:51:16.543 [http-nio-8080-exec-1] INFO  WeixinPortalController - 接收微信公众号信息请求ojbBBvvBAKC6-0dX3WEqAcjjzwPg开始 <xml><ToUserName><![CDATA[gh_e5d6b1e312f0]]></ToUserName>
<FromUserName><![CDATA[ojbBBvvBAKC6-0dX3WEqAcjjzwPg]]></FromUserName>
<CreateTime>1752364275</CreateTime>
<MsgType><![CDATA[text]]></MsgType>
<Content><![CDATA[111]]></Content>
<MsgId>25087824665059670</MsgId>
</xml>
25-07-12.19:51:26.841 [http-nio-8080-exec-2] INFO  WeixinPortalController - 接收微信公众号信息请求ojbBBvvBAKC6-0dX3WEqAcjjzwPg开始 <xml><ToUserName><![CDATA[gh_e5d6b1e312f0]]></ToUserName>
<FromUserName><![CDATA[ojbBBvvBAKC6-0dX3WEqAcjjzwPg]]></FromUserName>
<CreateTime>1752364275</CreateTime>
<MsgType><![CDATA[text]]></MsgType>
<Content><![CDATA[111]]></Content>
<MsgId>25087824665059670</MsgId>
</xml>
25-07-12.19:51:26.841 [http-nio-8080-exec-3] INFO  WeixinPortalController - 接收微信公众号信息请求ojbBBvvBAKC6-0dX3WEqAcjjzwPg开始 <xml><ToUserName><![CDATA[gh_e5d6b1e312f0]]></ToUserName>
<FromUserName><![CDATA[ojbBBvvBAKC6-0dX3WEqAcjjzwPg]]></FromUserName>
<CreateTime>1752364275</CreateTime>
<MsgType><![CDATA[text]]></MsgType>
<Content><![CDATA[111]]></Content>
<MsgId>25087824665059670</MsgId>
</xml>
25-07-12.19:52:12.512 [http-nio-8080-exec-4] INFO  WeixinPortalController - 接收微信公众号信息请求ojbBBvvBAKC6-0dX3WEqAcjjzwPg开始 <xml><ToUserName><![CDATA[gh_e5d6b1e312f0]]></ToUserName>
<FromUserName><![CDATA[ojbBBvvBAKC6-0dX3WEqAcjjzwPg]]></FromUserName>
<CreateTime>1752364331</CreateTime>
<MsgType><![CDATA[text]]></MsgType>
<Content><![CDATA[rrr]]></Content>
<MsgId>25087825388557670</MsgId>
</xml>
25-07-12.19:52:27.422 [http-nio-8080-exec-6] INFO  WeixinPortalController - 接收微信公众号信息请求ojbBBvvBAKC6-0dX3WEqAcjjzwPg开始 <xml><ToUserName><![CDATA[gh_e5d6b1e312f0]]></ToUserName>
<FromUserName><![CDATA[ojbBBvvBAKC6-0dX3WEqAcjjzwPg]]></FromUserName>
<CreateTime>1752364331</CreateTime>
<MsgType><![CDATA[text]]></MsgType>
<Content><![CDATA[rrr]]></Content>
<MsgId>25087825388557670</MsgId>
</xml>
25-07-12.19:52:27.424 [http-nio-8080-exec-5] INFO  WeixinPortalController - 接收微信公众号信息请求ojbBBvvBAKC6-0dX3WEqAcjjzwPg开始 <xml><ToUserName><![CDATA[gh_e5d6b1e312f0]]></ToUserName>
<FromUserName><![CDATA[ojbBBvvBAKC6-0dX3WEqAcjjzwPg]]></FromUserName>
<CreateTime>1752364331</CreateTime>
<MsgType><![CDATA[text]]></MsgType>
<Content><![CDATA[rrr]]></Content>
<MsgId>25087825388557670</MsgId>
</xml>
25-07-12.19:53:02.127 [SpringApplicationShutdownHook] INFO  HikariDataSource       - HikariPool-1 - Shutdown initiated...
25-07-12.19:53:02.133 [SpringApplicationShutdownHook] INFO  HikariDataSource       - HikariPool-1 - Shutdown completed.
25-07-12.19:55:25.353 [main            ] INFO  Application            - Starting Application using Java 17.0.15 on Zidxu with PID 32840 (C:\Users\34864\IdeaProjects\sPayMall\s-pay-mall-mvc-wechat-login\s-pay-mall-web\target\classes started by 34864 in C:\Users\34864\IdeaProjects\sPayMall\s-pay-mall-mvc-wechat-login)
25-07-12.19:55:25.355 [main            ] INFO  Application            - The following 1 profile is active: "dev"
25-07-12.19:55:25.907 [main            ] WARN  ClassPathMapperScanner - No MyBatis mapper was found in '[com.zidong]' package. Please check your configuration.
25-07-12.19:55:26.177 [main            ] INFO  TomcatWebServer        - Tomcat initialized with port(s): 8080 (http)
25-07-12.19:55:26.181 [main            ] INFO  Http11NioProtocol      - Initializing ProtocolHandler ["http-nio-8080"]
25-07-12.19:55:26.182 [main            ] INFO  StandardService        - Starting service [Tomcat]
25-07-12.19:55:26.182 [main            ] INFO  StandardEngine         - Starting Servlet engine: [Apache Tomcat/9.0.75]
25-07-12.19:55:26.258 [main            ] INFO  [/]                    - Initializing Spring embedded WebApplicationContext
25-07-12.19:55:26.259 [main            ] INFO  ServletWebServerApplicationContext - Root WebApplicationContext: initialization completed in 868 ms
25-07-12.19:55:26.767 [main            ] INFO  EndpointLinksResolver  - Exposing 1 endpoint(s) beneath base path '/actuator'
25-07-12.19:55:26.784 [main            ] INFO  Http11NioProtocol      - Starting ProtocolHandler ["http-nio-8080"]
25-07-12.19:55:26.795 [main            ] INFO  TomcatWebServer        - Tomcat started on port(s): 8080 (http) with context path ''
25-07-12.19:55:26.808 [main            ] INFO  Application            - Started Application in 1.775 seconds (JVM running for 2.163)
25-07-12.19:55:27.255 [RMI TCP Connection(2)-192.168.88.8] INFO  [/]                    - Initializing Spring DispatcherServlet 'dispatcherServlet'
25-07-12.19:55:27.255 [RMI TCP Connection(2)-192.168.88.8] INFO  DispatcherServlet      - Initializing Servlet 'dispatcherServlet'
25-07-12.19:55:27.256 [RMI TCP Connection(2)-192.168.88.8] INFO  DispatcherServlet      - Completed initialization in 1 ms
25-07-12.19:55:27.259 [RMI TCP Connection(1)-192.168.88.8] INFO  HikariDataSource       - HikariPool-1 - Starting...
25-07-12.19:55:27.348 [RMI TCP Connection(1)-192.168.88.8] INFO  HikariDataSource       - HikariPool-1 - Start completed.
25-07-12.19:55:33.526 [http-nio-8080-exec-1] INFO  WeixinPortalController - 接收微信公众号信息请求ojbBBvvBAKC6-0dX3WEqAcjjzwPg开始 <xml><ToUserName><![CDATA[gh_e5d6b1e312f0]]></ToUserName>
<FromUserName><![CDATA[ojbBBvvBAKC6-0dX3WEqAcjjzwPg]]></FromUserName>
<CreateTime>1752364531</CreateTime>
<MsgType><![CDATA[text]]></MsgType>
<Content><![CDATA[111]]></Content>
<MsgId>25087829719607878</MsgId>
</xml>
25-07-12.19:56:12.017 [SpringApplicationShutdownHook] INFO  HikariDataSource       - HikariPool-1 - Shutdown initiated...
25-07-12.19:56:12.021 [SpringApplicationShutdownHook] INFO  HikariDataSource       - HikariPool-1 - Shutdown completed.
